<?xml version="1.0" encoding="UTF-8" standalone="no"?>
<testsuite errors="0" failures="0" name="io.cucumber.core.plugin.JUnitFormatter" skipped="0" tests="2" time="6.921">
    <testcase classname="feature to test the login funtionality" name="check login is successfull" time="6.258">
        <system-out><![CDATA[Given User is on login page.................................................passed
When user enters the username and password..................................passed
And Clicks on login button..................................................passed
Then user is navigated to the environment page..............................passed
]]></system-out>
    </testcase>
    <testcase classname="feature to test the login funtionality" name="Order an item" time="0.507">
        <system-out><![CDATA[Given user adds bag to cart.................................................passed
When user goes to cart......................................................passed
Then Clicks check out.......................................................passed
And enter all the details...................................................passed
And order the item..........................................................passed
]]></system-out>
    </testcase>
</testsuite>
